* using log directory 'd:/RCompile/CRANguest/R-release/GridItemTools.Rcheck'
* using R version 4.1.0 (2021-05-18)
* using platform: x86_64-w64-mingw32 (64-bit)
* using session charset: ISO8859-1
* checking for file 'GridItemTools/DESCRIPTION' ... OK
* checking extension type ... Package
* this is package 'GridItemTools' version '0.0.12'
* package encoding: UTF-8
* checking CRAN incoming feasibility ... NOTE
Maintainer: 'Douglas Whitaker <douglas.whitaker@msvu.ca>'

New submission

Possibly mis-spelled words in DESCRIPTION:
  Ganesalingam (15:59)
  LimeSurvey (14:65)
  trinomial (15:18)
* checking package namespace information ... OK
* checking package dependencies ... OK
* checking if this is a source package ... OK
* checking if there is a namespace ... OK
* checking for hidden files and directories ... OK
* checking for portable file names ... OK
* checking whether package 'GridItemTools' can be installed ... OK
* checking installed package size ... OK
* checking package directory ... OK
* checking for future file timestamps ... OK
* checking DESCRIPTION meta-information ... OK
* checking top-level files ... OK
* checking for left-over files ... OK
* checking index information ... OK
* checking package subdirectories ... OK
* checking R files for non-ASCII characters ... OK
* checking R files for syntax errors ... OK
* loading checks for arch 'i386'
** checking whether the package can be loaded ... OK
** checking whether the package can be loaded with stated dependencies ... OK
** checking whether the package can be unloaded cleanly ... OK
** checking whether the namespace can be loaded with stated dependencies ... OK
** checking whether the namespace can be unloaded cleanly ... OK
** checking loading without being on the library search path ... OK
** checking use of S3 registration ... OK
* loading checks for arch 'x64'
** checking whether the package can be loaded ... OK
** checking whether the package can be loaded with stated dependencies ... OK
** checking whether the package can be unloaded cleanly ... OK
** checking whether the namespace can be loaded with stated dependencies ... OK
** checking whether the namespace can be unloaded cleanly ... OK
** checking loading without being on the library search path ... OK
** checking use of S3 registration ... OK
* checking dependencies in R code ... OK
* checking S3 generic/method consistency ... OK
* checking replacement functions ... OK
* checking foreign function calls ... OK
* checking R code for possible problems ... [5s] OK
* checking Rd files ... [0s] OK
* checking Rd metadata ... OK
* checking Rd line widths ... OK
* checking Rd cross-references ... OK
* checking for missing documentation entries ... OK
* checking for code/documentation mismatches ... OK
* checking Rd \usage sections ... OK
* checking Rd contents ... OK
* checking for unstated dependencies in examples ... OK
* checking contents of 'data' directory ... OK
* checking data for non-ASCII characters ... WARNING
  Warning: found non-ASCII strings
  '<ef>..id' in object 'griddata_all_code'
  'I didn<e2><80><99>t really understand how to use the grid to respond.' in object 'griddata_all_text'
  '<ef>..id..Response.ID' in object 'griddata_all_text'
  'ConsentText..Consent.to.Participate.in.Human.Subjects.ResearchTitle..Measuring.Statistics.Attitudes.with.Grid.Items..Pilot.Study.in.MATH.2209Description.of.the.Study..You.are.invited.to.participate.in.this.research.study.being.conducted.by.Dr..Douglas.Whitaker.of.the.Department.of.Mathematics..He.is.studying.the.use.of.a.new.type.of.survey.item..using.a.grid.response..and.the.relationship.among.existing.scales.used.to.measure.the.attitudes.of.students.enrolled.in.statistics.courses..The.long.term.goal.of.this.project.is.to.improve.the.way.that.attitudes.related.to.statistics.are.measured..Conditions.of.Participation..You.have.been.invited.to.participate.in.this.study.because.you.are.currently.enrolled.in.MATH.2209..Introduction.to.Statistics.II.at.Mount.Saint.Vincent.University..Participants.must.be.at.least.19.years.of.age..Participation.is.voluntary..and.you.may.discontinue.participation.at.any.time.during.the.survey..There.is.no.compensation.for.participation..There.is.NO.penalty.for.not.participating.or.discontinuing.your.participation..Survey.responses.will.be.anonymous..Nobody..including.the.researcher.or.your.instructor..will.be.able.to.determine.who.did.or.did.not.participate..Study.Procedures..If.you.decide.to.participate.in.this.study..you.will.be.presented.with.a.survey.beginning.on.the.next.page..This.survey.will.ask.you.questions.about.your.attitudes.about.statistics.and.learning.statistics..No.identifying.information.will.be.collected.<e2>...the.survey.responses.will.be.anonymous..You.may.skip.any.question.you.do.not.wish.to.answer..Due.to.the.anonymous.nature.of.the.survey..once.your.responses.have.been.submitted.you.will.not.be.able.to.withdraw.your.data.from.the.study..Completing.the.survey.should.take.less.than.15.minutes..Potential.Benefits.and.Risks..There.are.no.risks.for.your.participation.in.this.research.beyond.the.risks.associated.with.everyday.life..There.are.no.direct.benefits.to.you.for.your.participation.in.this.research..Data.Storage.and.Future.Use..Because.no.identifying.information.will.be.collected..the.responses.are.anonymous.and.cannot.be.linked.with.your.identity..During.this.study..the.data.will.be.stored.on.password.protected.computers.and.servers.affiliated.with.Mount.Saint.Vincent.University..After.research.project.that.this.survey.is.part.of.has.concluded..the.anonymous.survey.responses.will.be.made.publicly.available.so.that.other.researchers.can.study.them..Any.text.comments.that.you.make.will.NOT.be.included.in.any.public.release.<e2>...only.the.numeric.responses.recorded.will.be.shared..These.responses.are.anonymous.and.cannot.be.linked.to.you.in.any.way..Contact..If.you.have.any.questions.about.this.study..please.feel.free.to.contact.Dr..Douglas.Whitaker.at.902.457.6654.or.by.email.at.douglas.whitaker.msvu.ca..This.project.has.been.reviewed.and.received.clearance.from.the.Research.Ethics.Board.of.Mount.Saint.Vincent.University.and.conforms.to.the.standards.of.the.Canadian.Tri.Council.Research.Ethics.guidelines..If.you.have.any.questions.about.this.process.or.to.speak.with.someone.about.your.rights.as.a.participant.in.this.study..please.contact.the.Research.Ethics.Coordinator..Brenda.Gagne..at.902.457.6350.or.by.email.at.brenda.gagne.msvu.ca...You.will.receive.a.copy.of.this.consent.form..' in object 'griddata_all_text'
  'ConsentParticipate..By.selecting.<e2>.<9c>yes<e2>...I.am.indicating.that.I.freely.agree.to.participate.in.this.study.and.know.that.I.can.change.this.answer.if.I.so.choose.during.survey..Otherwise..I.am.selecting.<e2>.<9c>no<e2>....' in object 'griddata_all_text'
  'GridInstructPage1..Instructions..These.items.all.use.a.grid.to.record.your.responses..Using.the.grid..you.will.be.able.to.record.the.extent.to.which.you.agree.and.the.extent.to.which.you.disagree.with.each.statement..Please.select.the.ONE.box.that.best.describes.your.OVERALL.feeling.about.each.statement..Example.1..Taylor.is.responding.to.the.item.<e2>.<9c>I.like.eating.kale.<e2>...Taylor.really.dislikes.the.taste.of.kale..but.also.knows.that.kale.has.a.lot.of.nutrients..Taylor.chooses.the.box.that.corresponds.to.<e2>.<9c>Greatly.disagree<e2>....because.Taylor.does.not.like.the.taste..and.<e2>.<9c>Moderately.agree<e2>....because.Taylor.appreciates.the.nutritional.value.of.kale...The.highlighting.represents.Taylor<e2>..s.thinking.<e2>...there.will.be.no.highlighting.on.the.survey..Taylor.selects.the.box.in.the.corresponding.row.and.column.Example.2..Drew.is.responding.to.the.item.<e2>.<9c>I.dislike.driving.in.Halifax.<e2>...Drew.really.hates.the.traffic.during.rush.hour..but.also.finds.driving.to.be.more.convenient.than.other.transportation.options..Drew.chooses.the.box.that.corresponds.to.<e2>.<9c>Completely.agree<e2>....because.Drew.hates.driving.in.heavy.traffic..and.<e2>.<9c>Moderately.disagree<e2>....because.Drew.appreciates.the.convenience.driving...The.highlighting.represents.Drew<e2>..s.thinking.<e2>...there.will.be.no.highlighting.on.the.survey..Drew.selects.the.box.in.the.corresponding.row.and.column.' in object 'griddata_all_text'
  'GridInstructPage4..Instructions..These.items.all.use.a.grid.to.record.your.responses..Using.the.grid..you.will.be.able.to.record.the.extent.to.which.you.agree.and.the.extent.to.which.you.disagree.with.each.statement..Please.select.the.ONE.box.that.best.describes.your.OVERALL.feeling.about.each.statement..Example.1..Taylor.is.responding.to.the.item.<e2>.<9c>I.like.eating.kale.<e2>...Taylor.really.dislikes.the.taste.of.kale..but.also.knows.that.kale.has.a.lot.of.nutrients..Taylor.chooses.the.box.that.corresponds.to.<e2>.<9c>Greatly.disagree<e2>....because.Taylor.does.not.like.the.taste..and.<e2>.<9c>Moderately.agree<e2>....because.Taylor.appreciates.the.nutritional.value.of.kale...The.highlighting.represents.Taylor<e2>..s.thinking.<e2>...there.will.be.no.highlighting.on.the.survey..Taylor.selects.the.box.in.the.corresponding.row.and.column.Example.2..Drew.is.responding.to.the.item.<e2>.<9c>I.dislike.driving.in.Halifax.<e2>...Drew.really.hates.the.traffic.during.rush.hour..but.also.finds.driving.to.be.more.convenient.than.other.transportation.options..Drew.chooses.the.box.that.corresponds.to.<e2>.<9c>Completely.agree<e2>....because.Drew.hates.driving.in.heavy.traffic..and.<e2>.<9c>Moderately.disagree<e2>....because.Drew.appreciates.the.convenience.driving...The.highlighting.represents.Drew<e2>..s.thinking.<e2>...there.will.be.no.highlighting.on.the.survey..Drew.selects.the.box.in.the.corresponding.row.and.column.' in object 'griddata_all_text'
* checking LazyData ... OK
* checking data for ASCII and uncompressed saves ... OK
* checking examples ... NONE
* checking PDF version of manual ... OK
* checking for code which exercises the package ... WARNING
No examples, no tests, no vignettes
* checking for detritus in the temp directory ... OK
* DONE
Status: 2 WARNINGs, 1 NOTE
